2025-11-28 11:03:18,252 - INFO - ================================================================================
2025-11-28 11:03:18,253 - INFO - INICIANDO PROCESAMIENTO EXCEL MULTIHOJA
2025-11-28 11:03:18,254 - INFO - Proceso: seflieeeeeeee
2025-11-28 11:03:18,254 - INFO - Archivo: C:\Users\migue\OneDrive\Escritorio\DJANGO DE NUEVO\opav\proyecto_automatizacion\temp_files\hoja prueba estadarizacion de datus (1)_j8K164i.xlsx
2025-11-28 11:03:18,254 - INFO - ================================================================================
2025-11-28 11:03:18,265 - INFO - Hojas seleccionadas: ['Hoja 1', 'hoja 2']
2025-11-28 11:03:18,265 - INFO - Columnas seleccionadas: {'Hoja 1': ['ID', 'nombre', 'edad', 'genero'], 'hoja 2': ['fecha', 'codigo', 'producto', 'cantidad', 'precio', 'activo', 'categoria']}
2025-11-28 11:03:18,662 - INFO - Actualizando proceso existente: seflieeeeeeee (ID: 4035)
2025-11-28 11:03:18,669 - INFO - Proceso 'seflieeeeeeee' actualizado exitosamente (ID: 4035, Versión: 3)
2025-11-28 11:03:19,554 - WARNING - Not Found: /automatizacion/process/components/navbarGB.html
2025-11-28 11:03:19,582 - WARNING - Not Found: /automatizacion/process/components/sidebarGB.html
2025-11-28 11:03:19,610 - WARNING - Not Found: /automatizacion/process/components/drawerGB.html
2025-11-28 11:07:17,970 - INFO - ================================================================================
2025-11-28 11:07:17,971 - INFO - INICIANDO PROCESAMIENTO EXCEL MULTIHOJA
2025-11-28 11:07:17,971 - INFO - Proceso: xxxxxxxxxxxxxxxxxxxxxxxxxxxxxxxxxxxxx
2025-11-28 11:07:17,972 - INFO - Archivo: C:\Users\migue\OneDrive\Escritorio\DJANGO DE NUEVO\opav\proyecto_automatizacion\temp_files\hoja prueba estadarizacion de datus (1)_vZao1Ey.xlsx
2025-11-28 11:07:17,972 - INFO - ================================================================================
2025-11-28 11:07:17,986 - INFO - Hojas seleccionadas: ['Hoja 1', 'hoja 2']
2025-11-28 11:07:17,987 - INFO - Columnas seleccionadas: {'Hoja 1': ['ID', 'nombre', 'edad', 'genero'], 'hoja 2': ['fecha', 'codigo', 'producto', 'cantidad', 'precio', 'activo', 'categoria']}
2025-11-28 11:07:18,409 - INFO - Actualizando proceso existente: xxxxxxxxxxxxxxxxxxxxxxxxxxxxxxxxxxxxx (ID: 4036)
2025-11-28 11:07:18,416 - INFO - Proceso 'xxxxxxxxxxxxxxxxxxxxxxxxxxxxxxxxxxxxx' actualizado exitosamente (ID: 4036, Versión: 3)
2025-11-28 11:07:19,153 - WARNING - Not Found: /automatizacion/process/components/navbarGB.html
2025-11-28 11:07:19,178 - WARNING - Not Found: /automatizacion/process/components/sidebarGB.html
2025-11-28 11:07:19,204 - WARNING - Not Found: /automatizacion/process/components/drawerGB.html
2025-11-28 11:09:40,710 - INFO - C:\Users\migue\OneDrive\Escritorio\DJANGO DE NUEVO\opav\proyecto_automatizacion\automatizacion\utils\validators.py changed, reloading.
2025-11-28 13:47:28,629 - INFO - ================================================================================
2025-11-28 13:47:28,629 - INFO - INICIANDO PROCESAMIENTO EXCEL MULTIHOJA
2025-11-28 13:47:28,629 - INFO - Proceso: siisaiasiasisia
2025-11-28 13:47:28,630 - INFO - Archivo: C:\Users\migue\OneDrive\Escritorio\DJANGO DE NUEVO\opav\proyecto_automatizacion\temp_files\hoja prueba estadarizacion de datus (1)_PiMxYJM.xlsx
2025-11-28 13:47:28,630 - INFO - ================================================================================
2025-11-28 13:47:28,636 - INFO - Hojas seleccionadas: ['Hoja 1', 'hoja 2']
2025-11-28 13:47:28,636 - INFO - Columnas seleccionadas: {'Hoja 1': ['ID'], 'hoja 2': ['fecha']}
2025-11-28 13:47:28,891 - INFO - Actualizando proceso existente: siisaiasiasisia (ID: 4037)
2025-11-28 13:47:28,896 - INFO - Proceso 'siisaiasiasisia' actualizado exitosamente (ID: 4037, Versión: 3)
2025-11-28 13:47:29,259 - WARNING - Not Found: /automatizacion/process/components/navbarGB.html
2025-11-28 13:47:29,269 - WARNING - Not Found: /automatizacion/process/components/sidebarGB.html
2025-11-28 13:47:29,279 - WARNING - Not Found: /automatizacion/process/components/drawerGB.html
2025-11-28 13:47:59,857 - INFO - Procesando archivo Excel: hoja prueba estadarizacion de datus (1).xlsx
2025-11-28 13:47:59,858 - INFO - Hojas encontradas: 2 - ['Hoja 1', 'hoja 2']
2025-11-28 13:47:59,858 - INFO - Tipo de almacenamiento: Local (Servidor)
2025-11-28 13:47:59,878 - INFO - Hoja 'Hoja 1': 4 columnas, 2 filas, nombre sugerido: 'hoja_1'
2025-11-28 13:47:59,907 - INFO - Hoja 'hoja 2': 7 columnas, 3 filas, nombre sugerido: 'hoja_2'
2025-11-28 13:48:00,472 - WARNING - Not Found: /automatizacion/excel/184/components/navbarGB.html
2025-11-28 13:48:00,486 - WARNING - Not Found: /automatizacion/excel/184/components/sidebarGB.html
2025-11-28 13:48:00,499 - WARNING - Not Found: /automatizacion/excel/184/components/drawerGB.html
2025-11-28 13:48:17,047 - WARNING - Not Found: /automatizacion/process/components/navbarGB.html
2025-11-28 13:48:17,058 - WARNING - Not Found: /automatizacion/process/components/sidebarGB.html
2025-11-28 13:48:17,071 - WARNING - Not Found: /automatizacion/process/components/drawerGB.html
2025-11-28 13:48:18,812 - WARNING - Not Found: /automatizacion/excel/components/navbarGB.html
2025-11-28 13:48:18,821 - WARNING - Not Found: /automatizacion/excel/components/sidebarGB.html
2025-11-28 13:48:18,831 - WARNING - Not Found: /automatizacion/excel/components/drawerGB.html
2025-11-28 13:48:24,047 - INFO - Procesando archivo Excel: hoja prueba estadarizacion de datus (1).xlsx
2025-11-28 13:48:24,047 - INFO - Hojas encontradas: 2 - ['Hoja 1', 'hoja 2']
2025-11-28 13:48:24,048 - INFO - Tipo de almacenamiento: Local (Servidor)
2025-11-28 13:48:24,058 - INFO - Hoja 'Hoja 1': 4 columnas, 2 filas, nombre sugerido: 'hoja_1'
2025-11-28 13:48:24,077 - INFO - Hoja 'hoja 2': 7 columnas, 3 filas, nombre sugerido: 'hoja_2'
2025-11-28 13:48:24,426 - WARNING - Not Found: /automatizacion/excel/185/components/navbarGB.html
2025-11-28 13:48:24,435 - WARNING - Not Found: /automatizacion/excel/185/components/sidebarGB.html
2025-11-28 13:48:24,448 - WARNING - Not Found: /automatizacion/excel/185/components/drawerGB.html
2025-11-28 13:52:01,867 - INFO - Procesando archivo Excel: hoja prueba estadarizacion de datus (1).xlsx
2025-11-28 13:52:01,868 - INFO - Hojas encontradas: 2 - ['Hoja 1', 'hoja 2']
2025-11-28 13:52:01,868 - INFO - Tipo de almacenamiento: Local (Servidor)
2025-11-28 13:52:01,880 - INFO - Hoja 'Hoja 1': 4 columnas, 2 filas, nombre sugerido: 'hoja_1'
2025-11-28 13:52:01,899 - INFO - Hoja 'hoja 2': 7 columnas, 3 filas, nombre sugerido: 'hoja_2'
2025-11-28 13:52:02,919 - WARNING - Not Found: /automatizacion/excel/185/components/navbarGB.html
2025-11-28 13:52:02,933 - WARNING - Not Found: /automatizacion/excel/185/components/sidebarGB.html
2025-11-28 13:52:02,948 - WARNING - Not Found: /automatizacion/excel/185/components/drawerGB.html
2025-11-28 13:53:01,587 - INFO - Procesando archivo Excel: hoja prueba estadarizacion de datus (1).xlsx
2025-11-28 13:53:01,588 - INFO - Hojas encontradas: 2 - ['Hoja 1', 'hoja 2']
2025-11-28 13:53:01,588 - INFO - Tipo de almacenamiento: Local (Servidor)
2025-11-28 13:53:01,601 - INFO - Hoja 'Hoja 1': 4 columnas, 2 filas, nombre sugerido: 'hoja_1'
2025-11-28 13:53:01,619 - INFO - Hoja 'hoja 2': 7 columnas, 3 filas, nombre sugerido: 'hoja_2'
2025-11-28 13:53:02,238 - WARNING - Not Found: /automatizacion/excel/185/components/navbarGB.html
2025-11-28 13:53:02,250 - WARNING - Not Found: /automatizacion/excel/185/components/sidebarGB.html
2025-11-28 13:53:02,261 - WARNING - Not Found: /automatizacion/excel/185/components/drawerGB.html
2025-11-28 13:53:03,036 - INFO - Procesando archivo Excel: hoja prueba estadarizacion de datus (1).xlsx
2025-11-28 13:53:03,037 - INFO - Hojas encontradas: 2 - ['Hoja 1', 'hoja 2']
2025-11-28 13:53:03,037 - INFO - Tipo de almacenamiento: Local (Servidor)
2025-11-28 13:53:03,048 - INFO - Hoja 'Hoja 1': 4 columnas, 2 filas, nombre sugerido: 'hoja_1'
2025-11-28 13:53:03,133 - INFO - Hoja 'hoja 2': 7 columnas, 3 filas, nombre sugerido: 'hoja_2'
2025-11-28 13:53:03,784 - WARNING - Not Found: /automatizacion/excel/185/components/navbarGB.html
2025-11-28 13:53:03,800 - WARNING - Not Found: /automatizacion/excel/185/components/sidebarGB.html
2025-11-28 13:53:03,812 - WARNING - Not Found: /automatizacion/excel/185/components/drawerGB.html
2025-11-28 13:55:44,053 - INFO - Procesando archivo Excel: hoja prueba estadarizacion de datus (1).xlsx
2025-11-28 13:55:44,053 - INFO - Hojas encontradas: 2 - ['Hoja 1', 'hoja 2']
2025-11-28 13:55:44,054 - INFO - Tipo de almacenamiento: Local (Servidor)
2025-11-28 13:55:44,066 - INFO - Hoja 'Hoja 1': 4 columnas, 2 filas, nombre sugerido: 'hoja_1'
2025-11-28 13:55:44,086 - INFO - Hoja 'hoja 2': 7 columnas, 3 filas, nombre sugerido: 'hoja_2'
2025-11-28 13:55:44,825 - INFO - Procesando archivo Excel: hoja prueba estadarizacion de datus (1).xlsx
2025-11-28 13:55:44,825 - INFO - Hojas encontradas: 2 - ['Hoja 1', 'hoja 2']
2025-11-28 13:55:44,826 - INFO - Tipo de almacenamiento: Local (Servidor)
2025-11-28 13:55:44,845 - INFO - Hoja 'Hoja 1': 4 columnas, 2 filas, nombre sugerido: 'hoja_1'
2025-11-28 13:55:44,872 - INFO - Hoja 'hoja 2': 7 columnas, 3 filas, nombre sugerido: 'hoja_2'
2025-11-28 13:55:44,888 - WARNING - Not Found: /automatizacion/excel/185/components/navbarGB.html
2025-11-28 13:55:44,897 - WARNING - Not Found: /automatizacion/excel/185/components/sidebarGB.html
2025-11-28 13:55:44,907 - WARNING - Not Found: /automatizacion/excel/185/components/drawerGB.html
2025-11-28 13:55:45,417 - INFO - Procesando archivo Excel: hoja prueba estadarizacion de datus (1).xlsx
2025-11-28 13:55:45,418 - INFO - Hojas encontradas: 2 - ['Hoja 1', 'hoja 2']
2025-11-28 13:55:45,418 - INFO - Tipo de almacenamiento: Local (Servidor)
2025-11-28 13:55:45,433 - INFO - Hoja 'Hoja 1': 4 columnas, 2 filas, nombre sugerido: 'hoja_1'
2025-11-28 13:55:45,471 - INFO - Hoja 'hoja 2': 7 columnas, 3 filas, nombre sugerido: 'hoja_2'
2025-11-28 13:55:45,498 - WARNING - Not Found: /automatizacion/excel/185/components/navbarGB.html
2025-11-28 13:55:45,513 - WARNING - Not Found: /automatizacion/excel/185/components/sidebarGB.html
2025-11-28 13:55:45,527 - WARNING - Not Found: /automatizacion/excel/185/components/drawerGB.html
2025-11-28 13:55:45,748 - INFO - Procesando archivo Excel: hoja prueba estadarizacion de datus (1).xlsx
2025-11-28 13:55:45,748 - INFO - Hojas encontradas: 2 - ['Hoja 1', 'hoja 2']
2025-11-28 13:55:45,749 - INFO - Tipo de almacenamiento: Local (Servidor)
2025-11-28 13:55:45,763 - INFO - Hoja 'Hoja 1': 4 columnas, 2 filas, nombre sugerido: 'hoja_1'
2025-11-28 13:55:45,783 - INFO - Hoja 'hoja 2': 7 columnas, 3 filas, nombre sugerido: 'hoja_2'
2025-11-28 13:55:46,423 - WARNING - Not Found: /automatizacion/excel/185/components/navbarGB.html
2025-11-28 13:55:46,433 - WARNING - Not Found: /automatizacion/excel/185/components/sidebarGB.html
2025-11-28 13:55:46,443 - WARNING - Not Found: /automatizacion/excel/185/components/drawerGB.html
2025-11-28 13:57:14,528 - INFO - C:\Users\migue\OneDrive\Escritorio\DJANGO DE NUEVO\opav\proyecto_automatizacion\automatizacion\views.py changed, reloading.
2026-01-20 11:40:48,855 - INFO - ================================================================================
2026-01-20 11:40:48,855 - INFO - INICIANDO PROCESAMIENTO EXCEL MULTIHOJA
2026-01-20 11:40:48,855 - INFO - Proceso: tes del dinosaurio 38384
2026-01-20 11:40:48,856 - INFO - Archivo: C:\Users\migue\OneDrive\Escritorio\DJANGO DE NUEVO\opav\proyecto_automatizacion\temp_files\hoja prueba estadarizacion de datus_vpzmJq0.xlsx
2026-01-20 11:40:48,856 - INFO - ================================================================================
2026-01-20 11:40:48,862 - INFO - Hojas seleccionadas: ['Hoja 1', 'hoja 2']
2026-01-20 11:40:48,862 - INFO - Columnas seleccionadas: {'Hoja 1': ['ID', 'nombre', 'edad', 'genero'], 'hoja 2': ['fecha', 'codigo']}
2026-01-20 11:40:49,258 - INFO - Actualizando proceso existente: tes_del_dinosaurio_38384 (ID: 5031)
2026-01-20 11:40:49,260 - INFO - Proceso 'tes_del_dinosaurio_38384' actualizado exitosamente (ID: 5031, Versión: 3)
2026-01-20 11:40:49,555 - WARNING - Not Found: /automatizacion/process/components/navbarGB.html
2026-01-20 11:40:49,563 - WARNING - Not Found: /automatizacion/process/components/sidebarGB.html
2026-01-20 11:40:49,569 - WARNING - Not Found: /automatizacion/process/components/drawerGB.html
2026-01-20 11:41:42,102 - WARNING - Not Found: /automatizacion/process/components/navbarGB.html
2026-01-20 11:41:42,110 - WARNING - Not Found: /automatizacion/process/components/sidebarGB.html
2026-01-20 11:41:42,120 - WARNING - Not Found: /automatizacion/process/components/drawerGB.html
2026-01-20 11:47:24,769 - WARNING - Not Found: /favicon.ico
2026-01-20 11:47:30,192 - WARNING - Not Found: /automatizacion/components/navbarGB.html
2026-01-20 11:47:30,199 - WARNING - Not Found: /automatizacion/components/sidebarGB.html
2026-01-20 11:47:30,207 - WARNING - Not Found: /automatizacion/components/drawerGB.html
2026-01-20 11:47:36,165 - WARNING - Not Found: /automatizacion/components/navbarGB.html
2026-01-20 11:47:36,173 - WARNING - Not Found: /automatizacion/components/sidebarGB.html
2026-01-20 11:47:36,180 - WARNING - Not Found: /automatizacion/components/drawerGB.html
2026-01-20 11:47:44,871 - WARNING - Not Found: /automatizacion/components/navbarGB.html
2026-01-20 11:47:44,881 - WARNING - Not Found: /automatizacion/components/sidebarGB.html
2026-01-20 11:47:44,891 - WARNING - Not Found: /automatizacion/components/drawerGB.html
2026-01-20 11:47:51,527 - WARNING - Not Found: /automatizacion/process/components/navbarGB.html
2026-01-20 11:47:51,537 - WARNING - Not Found: /automatizacion/process/components/sidebarGB.html
2026-01-20 11:47:51,545 - WARNING - Not Found: /automatizacion/process/components/drawerGB.html
2026-01-20 11:52:22,398 - WARNING - Not Found: /automatizacion/process/components/navbarGB.html
2026-01-20 11:52:22,406 - WARNING - Not Found: /automatizacion/process/components/sidebarGB.html
2026-01-20 11:52:22,412 - WARNING - Not Found: /automatizacion/process/components/drawerGB.html
2026-01-20 11:55:16,784 - WARNING - Not Found: /automatizacion/process/components/navbarGB.html
2026-01-20 11:55:16,793 - WARNING - Not Found: /automatizacion/process/components/sidebarGB.html
2026-01-20 11:55:16,801 - WARNING - Not Found: /automatizacion/process/components/drawerGB.html
2026-01-20 11:55:18,967 - WARNING - Not Found: /automatizacion/process/components/navbarGB.html
2026-01-20 11:55:18,977 - WARNING - Not Found: /automatizacion/process/components/sidebarGB.html
2026-01-20 11:55:18,985 - WARNING - Not Found: /automatizacion/process/components/drawerGB.html
2026-01-20 13:31:05,290 - INFO - ================================================================================
2026-01-20 13:31:05,291 - INFO - INICIANDO PROCESAMIENTO EXCEL MULTIHOJA
2026-01-20 13:31:05,291 - INFO - Proceso: test77
2026-01-20 13:31:05,291 - INFO - Archivo: C:\Users\migue\OneDrive\Escritorio\DJANGO DE NUEVO\opav\proyecto_automatizacion\temp_files\hoja prueba estadarizacion de datus_00BDzOT.xlsx
2026-01-20 13:31:05,291 - INFO - ================================================================================
2026-01-20 13:31:05,295 - INFO - Hojas seleccionadas: ['Hoja 1', 'hoja 2']
2026-01-20 13:31:05,296 - INFO - Columnas seleccionadas: {'Hoja 1': ['ID', 'nombre'], 'hoja 2': ['fecha', 'codigo']}
2026-01-20 13:31:05,692 - INFO - Actualizando proceso existente: test77 (ID: 5032)
2026-01-20 13:31:05,696 - INFO - Proceso 'test77' actualizado exitosamente (ID: 5032, Versión: 4)
2026-01-20 13:31:06,112 - WARNING - Not Found: /automatizacion/process/components/navbarGB.html
2026-01-20 13:31:06,122 - WARNING - Not Found: /automatizacion/process/components/sidebarGB.html
2026-01-20 13:31:06,136 - WARNING - Not Found: /automatizacion/process/components/drawerGB.html
2026-01-20 13:32:30,585 - WARNING - Not Found: /automatizacion/process/116/components/navbarGB.html
2026-01-20 13:32:30,595 - WARNING - Not Found: /automatizacion/process/116/components/sidebarGB.html
2026-01-20 13:32:30,607 - WARNING - Not Found: /automatizacion/process/116/components/drawerGB.html
2026-01-20 13:32:42,576 - INFO - Actualizando proceso existente: test77 (ID: 5032)
2026-01-20 13:32:42,580 - INFO - Proceso 'test77' actualizado exitosamente (ID: 5032, Versión: 5)
2026-01-20 13:32:42,967 - WARNING - Not Found: /automatizacion/process/components/navbarGB.html
2026-01-20 13:32:42,982 - WARNING - Not Found: /automatizacion/process/components/sidebarGB.html
2026-01-20 13:32:42,998 - WARNING - Not Found: /automatizacion/process/components/drawerGB.html
2026-01-20 13:32:46,015 - WARNING - Not Found: /automatizacion/process/116/components/navbarGB.html
2026-01-20 13:32:46,026 - WARNING - Not Found: /automatizacion/process/116/components/sidebarGB.html
2026-01-20 13:32:46,040 - WARNING - Not Found: /automatizacion/process/116/components/drawerGB.html
2026-01-20 13:32:52,204 - INFO - Actualizando proceso existente: test77 (ID: 5032)
2026-01-20 13:32:52,205 - INFO - Proceso 'test77' actualizado exitosamente (ID: 5032, Versión: 6)
2026-01-20 13:32:52,604 - WARNING - Not Found: /automatizacion/process/components/navbarGB.html
2026-01-20 13:32:52,619 - WARNING - Not Found: /automatizacion/process/components/sidebarGB.html
2026-01-20 13:32:52,635 - WARNING - Not Found: /automatizacion/process/components/drawerGB.html
2026-01-20 13:32:53,534 - INFO - Actualizando proceso existente: test77 (ID: 5032)
2026-01-20 13:32:53,539 - INFO - Proceso 'test77' actualizado exitosamente (ID: 5032, Versión: 7)
2026-01-20 13:32:53,543 - INFO - Campo UltimaEjecucion actualizado para 'test77'
2026-01-20 13:32:53,678 - INFO - ================================================================================
2026-01-20 13:32:53,678 - INFO - INICIANDO PROCESAMIENTO EXCEL MULTIHOJA
2026-01-20 13:32:53,678 - INFO - Proceso: test77
2026-01-20 13:32:53,679 - INFO - Archivo: C:\Users\migue\OneDrive\Escritorio\DJANGO DE NUEVO\opav\proyecto_automatizacion\temp_files\hoja prueba estadarizacion de datus_00BDzOT.xlsx
2026-01-20 13:32:53,679 - INFO - ================================================================================
2026-01-20 13:32:53,685 - INFO - Hojas seleccionadas: ['Hoja 1', 'hoja 2']
2026-01-20 13:32:53,686 - INFO - Columnas seleccionadas: {'Hoja 1': ['ID', 'nombre', 'edad'], 'hoja 2': ['fecha', 'codigo']}
2026-01-20 13:32:53,958 - INFO - Actualizando proceso existente: test77 (ID: 5032)
2026-01-20 13:32:53,959 - INFO - Proceso 'test77' actualizado exitosamente (ID: 5032, Versión: 8)
2026-01-20 13:32:54,342 - WARNING - Not Found: /automatizacion/process/components/navbarGB.html
2026-01-20 13:32:54,359 - WARNING - Not Found: /automatizacion/process/components/sidebarGB.html
2026-01-20 13:32:54,376 - WARNING - Not Found: /automatizacion/process/components/drawerGB.html
2026-01-20 13:33:55,029 - WARNING - Not Found: /components/navbarGB.html
2026-01-20 13:33:55,043 - WARNING - Not Found: /components/sidebarGB.html
2026-01-20 13:33:55,054 - WARNING - Not Found: /components/drawerGB.html
2026-01-20 13:33:58,457 - WARNING - Not Found: /automatizacion/process/components/navbarGB.html
2026-01-20 13:33:58,473 - WARNING - Not Found: /automatizacion/process/components/sidebarGB.html
2026-01-20 13:33:58,483 - WARNING - Not Found: /automatizacion/process/components/drawerGB.html
2026-01-20 13:34:02,793 - WARNING - Not Found: /automatizacion/excel/components/navbarGB.html
2026-01-20 13:34:02,805 - WARNING - Not Found: /automatizacion/excel/components/sidebarGB.html
2026-01-20 13:34:02,815 - WARNING - Not Found: /automatizacion/excel/components/drawerGB.html
2026-01-20 13:34:16,966 - WARNING - Not Found: /automatizacion/process/components/navbarGB.html
2026-01-20 13:34:16,976 - WARNING - Not Found: /automatizacion/process/components/sidebarGB.html
2026-01-20 13:34:16,986 - WARNING - Not Found: /automatizacion/process/components/drawerGB.html
2026-01-20 13:34:20,331 - WARNING - Not Found: /automatizacion/sql/components/navbarGB.html
2026-01-20 13:34:20,343 - WARNING - Not Found: /automatizacion/sql/components/sidebarGB.html
2026-01-20 13:34:20,354 - WARNING - Not Found: /automatizacion/sql/components/drawerGB.html
2026-01-20 13:35:18,461 - WARNING - Not Found: /automatizacion/sql/connection/80/components/navbarGB.html
2026-01-20 13:35:18,477 - WARNING - Not Found: /automatizacion/sql/connection/80/components/sidebarGB.html
2026-01-20 13:35:18,494 - WARNING - Not Found: /automatizacion/sql/connection/80/components/drawerGB.html
2026-01-20 13:35:50,188 - WARNING - Not Found: /automatizacion/sql/connection/80/components/navbarGB.html
2026-01-20 13:35:50,203 - WARNING - Not Found: /automatizacion/sql/connection/80/components/sidebarGB.html
2026-01-20 13:35:50,217 - WARNING - Not Found: /automatizacion/sql/connection/80/components/drawerGB.html
2026-01-20 13:35:57,119 - WARNING - Not Found: /automatizacion/sql/connection/80/components/navbarGB.html
2026-01-20 13:35:57,144 - WARNING - Not Found: /automatizacion/sql/connection/80/components/sidebarGB.html
2026-01-20 13:35:57,161 - WARNING - Not Found: /automatizacion/sql/connection/80/components/drawerGB.html
2026-01-20 13:36:11,488 - WARNING - Not Found: /automatizacion/sql/connection/80/table/dbo.test77_hoja/components/navbarGB.html
2026-01-20 13:36:11,498 - WARNING - Not Found: /automatizacion/sql/connection/80/table/dbo.test77_hoja/components/sidebarGB.html
2026-01-20 13:36:11,512 - WARNING - Not Found: /automatizacion/sql/connection/80/table/dbo.test77_hoja/components/drawerGB.html
2026-01-20 13:38:38,044 - INFO - Insertando nuevo proceso: migracion_33
2026-01-20 13:38:38,048 - ERROR - Error sincronizando proceso 'migracion 33' a SQL Server: No results.  Previous SQL was not a query.
Traceback (most recent call last):
  File "C:\Users\migue\AppData\Local\Programs\Python\Python313\Lib\site-packages\django\db\utils.py", line 98, in inner
    return func(*args, **kwargs)
  File "C:\Users\migue\AppData\Local\Programs\Python\Python313\Lib\site-packages\mssql\base.py", line 714, in fetchone
    row = self.cursor.fetchone()
pyodbc.ProgrammingError: No results.  Previous SQL was not a query.

The above exception was the direct cause of the following exception:

Traceback (most recent call last):
  File "C:\Users\migue\OneDrive\Escritorio\DJANGO DE NUEVO\opav\proyecto_automatizacion\automatizacion\process_sync.py", line 212, in sync_process_to_sqlserver
    proceso_id = cursor.fetchone()[0]
                 ~~~~~~~~~~~~~~~^^
  File "C:\Users\migue\AppData\Local\Programs\Python\Python313\Lib\site-packages\django\db\utils.py", line 97, in inner
    with self:
         ^^^^
  File "C:\Users\migue\AppData\Local\Programs\Python\Python313\Lib\site-packages\django\db\utils.py", line 91, in __exit__
    raise dj_exc_value.with_traceback(traceback) from exc_value
  File "C:\Users\migue\AppData\Local\Programs\Python\Python313\Lib\site-packages\django\db\utils.py", line 98, in inner
    return func(*args, **kwargs)
  File "C:\Users\migue\AppData\Local\Programs\Python\Python313\Lib\site-packages\mssql\base.py", line 714, in fetchone
    row = self.cursor.fetchone()
django.db.utils.ProgrammingError: No results.  Previous SQL was not a query.
2026-01-20 13:38:40,561 - WARNING - Not Found: /automatizacion/process/components/navbarGB.html
2026-01-20 13:38:40,577 - WARNING - Not Found: /automatizacion/process/components/sidebarGB.html
2026-01-20 13:38:40,611 - WARNING - Not Found: /automatizacion/process/components/drawerGB.html
2026-01-20 13:38:49,216 - INFO - Actualizando proceso existente: migracion_33 (ID: 5033)
2026-01-20 13:38:49,219 - INFO - Proceso 'migracion_33' actualizado exitosamente (ID: 5033, Versión: 2)
2026-01-20 13:38:49,222 - INFO - Campo UltimaEjecucion actualizado para 'migracion_33'
2026-01-20 13:38:49,313 - INFO - Actualizando proceso existente: migracion_33 (ID: 5033)
2026-01-20 13:38:49,318 - INFO - Proceso 'migracion_33' actualizado exitosamente (ID: 5033, Versión: 3)
2026-01-20 13:38:49,680 - WARNING - Not Found: /automatizacion/process/components/navbarGB.html
2026-01-20 13:38:49,694 - WARNING - Not Found: /automatizacion/process/components/sidebarGB.html
2026-01-20 13:38:49,712 - WARNING - Not Found: /automatizacion/process/components/drawerGB.html
2026-01-20 13:39:05,881 - WARNING - Not Found: /components/navbarGB.html
2026-01-20 13:39:05,891 - WARNING - Not Found: /components/sidebarGB.html
2026-01-20 13:39:05,902 - WARNING - Not Found: /components/drawerGB.html
2026-01-20 13:39:08,399 - WARNING - Not Found: /automatizacion/process/components/navbarGB.html
2026-01-20 13:39:08,412 - WARNING - Not Found: /automatizacion/process/components/sidebarGB.html
2026-01-20 13:39:08,426 - WARNING - Not Found: /automatizacion/process/components/drawerGB.html
2026-01-21 11:58:55,604 - WARNING - Not Found: /automatizacion/process/components/navbarGB.html
2026-01-21 11:58:55,626 - WARNING - Not Found: /automatizacion/process/components/sidebarGB.html
2026-01-21 11:58:55,645 - WARNING - Not Found: /automatizacion/process/components/drawerGB.html
2026-01-21 11:59:10,634 - INFO - Actualizando proceso existente: migracion_33 (ID: 5033)
2026-01-21 11:59:10,643 - INFO - Proceso 'migracion_33' actualizado exitosamente (ID: 5033, Versión: 4)
2026-01-21 11:59:10,650 - INFO - Campo UltimaEjecucion actualizado para 'migracion_33'
2026-01-21 11:59:10,862 - INFO - Actualizando proceso existente: migracion_33 (ID: 5033)
2026-01-21 11:59:10,868 - INFO - Proceso 'migracion_33' actualizado exitosamente (ID: 5033, Versión: 5)
2026-01-21 11:59:11,447 - WARNING - Not Found: /automatizacion/process/components/navbarGB.html
2026-01-21 11:59:11,473 - WARNING - Not Found: /automatizacion/process/components/sidebarGB.html
2026-01-21 11:59:11,499 - WARNING - Not Found: /automatizacion/process/components/drawerGB.html
2026-01-21 12:00:48,607 - INFO - C:\Users\migue\OneDrive\Escritorio\DJANGO DE NUEVO\opav\proyecto_automatizacion\automatizacion\models.py changed, reloading.
2026-01-21 12:07:53,250 - INFO - ================================================================================
2026-01-21 12:07:53,251 - INFO - INICIANDO PROCESAMIENTO EXCEL MULTIHOJA
2026-01-21 12:07:53,251 - INFO - Proceso: amiguitos
2026-01-21 12:07:53,252 - INFO - Archivo: C:\Users\migue\OneDrive\Escritorio\DJANGO DE NUEVO\opav\proyecto_automatizacion\temp_files\Hoja de cálculo sin título (1)_kjEeY64.xlsx
2026-01-21 12:07:53,252 - INFO - ================================================================================
2026-01-21 12:07:53,262 - INFO - Hojas seleccionadas: ['Hoja 1', 'hoja 2']
2026-01-21 12:07:53,263 - INFO - Columnas seleccionadas: {'Hoja 1': ['ID', 'nombre'], 'hoja 2': ['ID', 'nombre']}
2026-01-21 12:07:53,726 - INFO - Actualizando proceso existente: amiguitos (ID: 5034)
2026-01-21 12:07:53,734 - INFO - Proceso 'amiguitos' actualizado exitosamente (ID: 5034, Versión: 3)
2026-01-21 12:07:54,402 - WARNING - Not Found: /automatizacion/process/components/navbarGB.html
2026-01-21 12:07:54,431 - WARNING - Not Found: /automatizacion/process/components/sidebarGB.html
2026-01-21 12:07:54,462 - WARNING - Not Found: /automatizacion/process/components/drawerGB.html
2026-01-21 12:09:11,231 - INFO - C:\Users\migue\OneDrive\Escritorio\DJANGO DE NUEVO\opav\proyecto_automatizacion\automatizacion\models.py changed, reloading.
2026-01-21 12:09:55,535 - INFO - ================================================================================
2026-01-21 12:09:55,535 - INFO - INICIANDO PROCESAMIENTO EXCEL MULTIHOJA
2026-01-21 12:09:55,536 - INFO - Proceso: amiguitos
2026-01-21 12:09:55,536 - INFO - Archivo: C:\Users\migue\OneDrive\Escritorio\DJANGO DE NUEVO\opav\proyecto_automatizacion\temp_files\Hoja de cálculo sin título (1)_kjEeY64.xlsx
2026-01-21 12:09:55,537 - INFO - ================================================================================
2026-01-21 12:09:56,261 - INFO - Hojas seleccionadas: ['Hoja 1', 'hoja 2']
2026-01-21 12:09:56,261 - INFO - Columnas seleccionadas: {'Hoja 1': ['ID', 'nombre'], 'hoja 2': ['ID', 'nombre']}
2026-01-21 12:09:56,662 - INFO - Actualizando proceso existente: amiguitos (ID: 5034)
2026-01-21 12:09:56,667 - INFO - Proceso 'amiguitos' actualizado exitosamente (ID: 5034, Versión: 5)
2026-01-21 12:09:57,519 - WARNING - Not Found: /automatizacion/process/components/navbarGB.html
2026-01-21 12:09:57,548 - WARNING - Not Found: /automatizacion/process/components/sidebarGB.html
2026-01-21 12:09:57,578 - WARNING - Not Found: /automatizacion/process/components/drawerGB.html
2026-01-21 12:10:22,008 - WARNING - Not Found: /automatizacion/process/components/navbarGB.html
2026-01-21 12:10:22,028 - WARNING - Not Found: /automatizacion/process/components/sidebarGB.html
2026-01-21 12:10:22,048 - WARNING - Not Found: /automatizacion/process/components/drawerGB.html
2026-01-21 12:10:44,788 - INFO - Actualizando proceso existente: migracion_33 (ID: 5033)
2026-01-21 12:10:44,795 - INFO - Proceso 'migracion_33' actualizado exitosamente (ID: 5033, Versión: 8)
2026-01-21 12:10:44,800 - INFO - Campo UltimaEjecucion actualizado para 'migracion_33'
2026-01-21 12:10:45,027 - INFO - Actualizando proceso existente: migracion_33 (ID: 5033)
2026-01-21 12:10:45,033 - INFO - Proceso 'migracion_33' actualizado exitosamente (ID: 5033, Versión: 9)
2026-01-21 12:10:45,617 - WARNING - Not Found: /automatizacion/process/components/navbarGB.html
2026-01-21 12:10:45,644 - WARNING - Not Found: /automatizacion/process/components/sidebarGB.html
2026-01-21 12:10:45,668 - WARNING - Not Found: /automatizacion/process/components/drawerGB.html
2026-01-21 12:19:08,417 - WARNING - Not Found: /automatizacion/process/components/navbarGB.html
2026-01-21 12:19:08,440 - WARNING - Not Found: /automatizacion/process/components/sidebarGB.html
2026-01-21 12:19:08,462 - WARNING - Not Found: /automatizacion/process/components/drawerGB.html
2026-01-21 12:19:10,548 - WARNING - Not Found: /automatizacion/sql/components/navbarGB.html
2026-01-21 12:19:10,588 - WARNING - Not Found: /automatizacion/sql/components/sidebarGB.html
2026-01-21 12:19:10,609 - WARNING - Not Found: /automatizacion/sql/components/drawerGB.html
2026-01-21 12:19:24,135 - WARNING - Not Found: /automatizacion/sql/connection/81/components/navbarGB.html
2026-01-21 12:19:24,174 - WARNING - Not Found: /automatizacion/sql/connection/81/components/sidebarGB.html
2026-01-21 12:19:24,198 - WARNING - Not Found: /automatizacion/sql/connection/81/components/drawerGB.html
2026-01-21 12:19:29,663 - WARNING - Not Found: /automatizacion/sql/connection/81/components/navbarGB.html
2026-01-21 12:19:29,689 - WARNING - Not Found: /automatizacion/sql/connection/81/components/sidebarGB.html
2026-01-21 12:19:29,716 - WARNING - Not Found: /automatizacion/sql/connection/81/components/drawerGB.html
2026-01-21 12:19:32,647 - WARNING - Not Found: /automatizacion/sql/connection/81/table/dbo.amiguitos_hoja1/components/navbarGB.html
2026-01-21 12:19:32,673 - WARNING - Not Found: /automatizacion/sql/connection/81/table/dbo.amiguitos_hoja1/components/sidebarGB.html
2026-01-21 12:19:32,716 - WARNING - Not Found: /automatizacion/sql/connection/81/table/dbo.amiguitos_hoja1/components/drawerGB.html
2026-01-21 12:21:13,633 - WARNING - Not Found: /automatizacion/sql/connection/81/table/dbo.amiguitos_hoja1/components/navbarGB.html
2026-01-21 12:21:13,656 - WARNING - Not Found: /automatizacion/sql/connection/81/table/dbo.amiguitos_hoja1/components/sidebarGB.html
2026-01-21 12:21:13,680 - WARNING - Not Found: /automatizacion/sql/connection/81/table/dbo.amiguitos_hoja1/components/drawerGB.html
2026-01-21 12:21:19,387 - WARNING - Not Found: /automatizacion/sql/connection/81/components/navbarGB.html
2026-01-21 12:21:19,410 - WARNING - Not Found: /automatizacion/sql/connection/81/components/sidebarGB.html
2026-01-21 12:21:19,462 - WARNING - Not Found: /automatizacion/sql/connection/81/components/drawerGB.html
2026-01-21 12:21:21,310 - WARNING - Not Found: /automatizacion/sql/connection/81/table/dbo.amiguitos_hoja1/components/navbarGB.html
2026-01-21 12:21:21,334 - WARNING - Not Found: /automatizacion/sql/connection/81/table/dbo.amiguitos_hoja1/components/sidebarGB.html
2026-01-21 12:21:21,376 - WARNING - Not Found: /automatizacion/sql/connection/81/table/dbo.amiguitos_hoja1/components/drawerGB.html
2026-01-21 12:22:56,916 - WARNING - Not Found: /automatizacion/sql/connection/81/table/dbo.amiguitos_hoja1/components/navbarGB.html
2026-01-21 12:22:56,945 - WARNING - Not Found: /automatizacion/sql/connection/81/table/dbo.amiguitos_hoja1/components/sidebarGB.html
2026-01-21 12:22:56,972 - WARNING - Not Found: /automatizacion/sql/connection/81/table/dbo.amiguitos_hoja1/components/drawerGB.html
2026-01-21 12:24:20,873 - WARNING - Not Found: /automatizacion/sql/connection/81/table/dbo.amiguitos_hoja1/components/navbarGB.html
2026-01-21 12:24:20,900 - WARNING - Not Found: /automatizacion/sql/connection/81/table/dbo.amiguitos_hoja1/components/sidebarGB.html
2026-01-21 12:24:20,926 - WARNING - Not Found: /automatizacion/sql/connection/81/table/dbo.amiguitos_hoja1/components/drawerGB.html
2026-01-21 12:24:30,933 - WARNING - Not Found: /components/navbarGB.html
2026-01-21 12:24:30,952 - WARNING - Not Found: /components/sidebarGB.html
2026-01-21 12:24:30,971 - WARNING - Not Found: /components/drawerGB.html
2026-01-21 12:24:32,684 - WARNING - Not Found: /automatizacion/process/components/navbarGB.html
2026-01-21 12:24:32,703 - WARNING - Not Found: /automatizacion/process/components/sidebarGB.html
2026-01-21 12:24:32,739 - WARNING - Not Found: /automatizacion/process/components/drawerGB.html
2026-01-21 12:24:35,761 - WARNING - Not Found: /automatizacion/sql/components/navbarGB.html
2026-01-21 12:24:35,780 - WARNING - Not Found: /automatizacion/sql/components/sidebarGB.html
2026-01-21 12:24:35,817 - WARNING - Not Found: /automatizacion/sql/components/drawerGB.html
2026-01-21 12:24:48,971 - WARNING - Not Found: /automatizacion/sql/components/navbarGB.html
2026-01-21 12:24:48,993 - WARNING - Not Found: /automatizacion/sql/components/sidebarGB.html
2026-01-21 12:24:49,019 - WARNING - Not Found: /automatizacion/sql/components/drawerGB.html
2026-01-21 12:24:54,869 - WARNING - Not Found: /automatizacion/sql/components/navbarGB.html
2026-01-21 12:24:54,891 - WARNING - Not Found: /automatizacion/sql/components/sidebarGB.html
2026-01-21 12:24:54,935 - WARNING - Not Found: /automatizacion/sql/components/drawerGB.html
2026-01-21 12:25:03,559 - WARNING - Not Found: /automatizacion/sql/connection/82/components/navbarGB.html
2026-01-21 12:25:03,586 - WARNING - Not Found: /automatizacion/sql/connection/82/components/sidebarGB.html
2026-01-21 12:25:03,612 - WARNING - Not Found: /automatizacion/sql/connection/82/components/drawerGB.html
2026-01-21 12:25:07,060 - WARNING - Not Found: /automatizacion/sql/connection/82/components/navbarGB.html
2026-01-21 12:25:07,098 - WARNING - Not Found: /automatizacion/sql/connection/82/components/sidebarGB.html
2026-01-21 12:25:07,123 - WARNING - Not Found: /automatizacion/sql/connection/82/components/drawerGB.html
2026-01-21 12:25:09,933 - WARNING - Not Found: /automatizacion/sql/connection/82/table/dbo.amiguitos_hoja2/components/navbarGB.html
2026-01-21 12:25:09,959 - WARNING - Not Found: /automatizacion/sql/connection/82/table/dbo.amiguitos_hoja2/components/sidebarGB.html
2026-01-21 12:25:10,001 - WARNING - Not Found: /automatizacion/sql/connection/82/table/dbo.amiguitos_hoja2/components/drawerGB.html
2026-01-21 12:26:13,149 - INFO - C:\Users\migue\OneDrive\Escritorio\DJANGO DE NUEVO\opav\proyecto_automatizacion\automatizacion\views.py changed, reloading.
